# JRE version: OpenJDK Runtime Environment (15.0.2+7) (build 15.0.2+7-27)
# Java VM: OpenJDK 64-Bit Server VM (15.0.2+7-27, mixed mode, tiered, compressed oops, g1 gc, windows-amd64)
GC Precious Log:
 CPUs: 8 total, 8 available
 Memory: 6060M
 Large Page Support: Disabled
 NUMA Support: Disabled
 Compressed Oops: Enabled (32-bit)
 Heap Region Size: 1M
 Heap Min Capacity: 8M
 Heap Initial Capacity: 96M
 Heap Max Capacity: 1516M
 Pre-touch: Disabled
 Parallel Workers: 8
 Concurrent Workers: 2
 Concurrent Refinement Workers: 8
 Periodic GC: Disabled
Heap:
 garbage-first heap   total 30720K, used 16435K [0x00000000a1400000, 0x0000000100000000)
  region size 1024K, 2 young (2048K), 1 survivors (1024K)
 Metaspace       used 30056K, capacity 30341K, committed 30464K, reserved 1077248K
  class space    used 3124K, capacity 3238K, committed 3328K, reserved 1048576K
GC Heap History (8 events):
Event: 17.043 GC heap before
{Heap before GC invocations=0 (full 0):
 garbage-first heap   total 98304K, used 23552K [0x00000000a1400000, 0x0000000100000000)
  region size 1024K, 23 young (23552K), 0 survivors (0K)
 Metaspace       used 20262K, capacity 20528K, committed 20736K, reserved 1067008K
  class space    used 2102K, capacity 2188K, committed 2304K, reserved 1048576K
}
Event: 17.049 GC heap after
{Heap after GC invocations=1 (full 0):
 garbage-first heap   total 98304K, used 4689K [0x00000000a1400000, 0x0000000100000000)
  region size 1024K, 3 young (3072K), 3 survivors (3072K)
 Metaspace       used 20262K, capacity 20528K, committed 20736K, reserved 1067008K
  class space    used 2102K, capacity 2188K, committed 2304K, reserved 1048576K
}
Event: 40.524 GC heap before
{Heap before GC invocations=1 (full 0):
 garbage-first heap   total 98304K, used 8785K [0x00000000a1400000, 0x0000000100000000)
  region size 1024K, 8 young (8192K), 3 survivors (3072K)
 Metaspace       used 20979K, capacity 21187K, committed 21248K, reserved 1069056K
  class space    used 2157K, capacity 2259K, committed 2304K, reserved 1048576K
}
Event: 40.527 GC heap after
{Heap after GC invocations=2 (full 0):
 garbage-first heap   total 98304K, used 5276K [0x00000000a1400000, 0x0000000100000000)
  region size 1024K, 1 young (1024K), 1 survivors (1024K)
 Metaspace       used 20979K, capacity 21187K, committed 21248K, reserved 1069056K
  class space    used 2157K, capacity 2259K, committed 2304K, reserved 1048576K
}
Event: 41.273 GC heap before
{Heap before GC invocations=3 (full 0):
 garbage-first heap   total 24576K, used 22684K [0x00000000a1400000, 0x0000000100000000)
  region size 1024K, 19 young (19456K), 1 survivors (1024K)
 Metaspace       used 27386K, capacity 27626K, committed 27776K, reserved 1075200K
  class space    used 2825K, capacity 2912K, committed 2944K, reserved 1048576K
}
Event: 41.276 GC heap after
{Heap after GC invocations=4 (full 0):
 garbage-first heap   total 27648K, used 7670K [0x00000000a1400000, 0x0000000100000000)
  region size 1024K, 3 young (3072K), 3 survivors (3072K)
 Metaspace       used 27386K, capacity 27626K, committed 27776K, reserved 1075200K
  class space    used 2825K, capacity 2912K, committed 2944K, reserved 1048576K
}
Event: 514.081 GC heap before
{Heap before GC invocations=4 (full 0):
 garbage-first heap   total 27648K, used 16886K [0x00000000a1400000, 0x0000000100000000)
  region size 1024K, 13 young (13312K), 3 survivors (3072K)
 Metaspace       used 30056K, capacity 30341K, committed 30464K, reserved 1077248K
  class space    used 3124K, capacity 3238K, committed 3328K, reserved 1048576K
}
Event: 514.093 GC heap after
{Heap after GC invocations=5 (full 0):
 garbage-first heap   total 27648K, used 8243K [0x00000000a1400000, 0x0000000100000000)
  region size 1024K, 1 young (1024K), 1 survivors (1024K)
 Metaspace       used 30056K, capacity 30341K, committed 30464K, reserved 1077248K
  class space    used 3124K, capacity 3238K, committed 3328K, reserved 1048576K
}

